<?xml version="1.0" encoding="UTF-8"?>
<!-- Generated by org.testng.reporters.JUnitXMLReporter -->
<testsuite hostname="LAPTOP-JLPCQCSL" ignored="0" name="Command line test" tests="8" failures="1" timestamp="12 Oct 2018 16:19:55 GMT" time="31.961" errors="0">
  <testcase name="blankSearch" time="1.124" classname="test.SearchTest"/>
  <testcase name="invalidSearchByZipcode" time="5.012" classname="test.SearchTest">
    <failure type="org.openqa.selenium.TimeoutException" message="Expected condition failed: waiting for visibility of element located by By.className: autoCompleteDropDown (tried for 3 second(s) with 500 milliseconds interval)
Build info: version: &amp;apos;3.12.0&amp;apos;, revision: &amp;apos;7c6e0b3&amp;apos;, time: &amp;apos;2018-05-08T14:04:26.12Z&amp;apos;
System info: host: &amp;apos;LAPTOP-JLPCQCSL&amp;apos;, ip: &amp;apos;192.168.0.4&amp;apos;, os.name: &amp;apos;Windows 10&amp;apos;, os.arch: &amp;apos;amd64&amp;apos;, os.version: &amp;apos;10.0&amp;apos;, java.version: &amp;apos;1.8.0_171&amp;apos;
Driver info: org.openqa.selenium.firefox.FirefoxDriver
Capabilities {acceptInsecureCerts: true, browserName: firefox, browserVersion: 62.0.3, javascriptEnabled: true, moz:accessibilityChecks: false, moz:headless: false, moz:processID: 5784, moz:profile: C:\Users\parve\AppData\Loca..., moz:useNonSpecCompliantPointerOrigin: false, moz:webdriverClick: true, pageLoadStrategy: normal, platform: XP, platformName: XP, platformVersion: 10.0, rotatable: false, timeouts: {implicit: 0, pageLoad: 300000, script: 30000}}
Session ID: 624c70a7-06c7-4852-8a70-1b46f5c629f3">
      <![CDATA[org.openqa.selenium.TimeoutException: Expected condition failed: waiting for visibility of element located by By.className: autoCompleteDropDown (tried for 3 second(s) with 500 milliseconds interval)
Build info: version: '3.12.0', revision: '7c6e0b3', time: '2018-05-08T14:04:26.12Z'
System info: host: 'LAPTOP-JLPCQCSL', ip: '192.168.0.4', os.name: 'Windows 10', os.arch: 'amd64', os.version: '10.0', java.version: '1.8.0_171'
Driver info: org.openqa.selenium.firefox.FirefoxDriver
Capabilities {acceptInsecureCerts: true, browserName: firefox, browserVersion: 62.0.3, javascriptEnabled: true, moz:accessibilityChecks: false, moz:headless: false, moz:processID: 5784, moz:profile: C:\Users\parve\AppData\Loca..., moz:useNonSpecCompliantPointerOrigin: false, moz:webdriverClick: true, pageLoadStrategy: normal, platform: XP, platformName: XP, platformVersion: 10.0, rotatable: false, timeouts: {implicit: 0, pageLoad: 300000, script: 30000}}
Session ID: 624c70a7-06c7-4852-8a70-1b46f5c629f3
at org.openqa.selenium.support.ui.WebDriverWait.timeoutException(WebDriverWait.java:81)
at org.openqa.selenium.support.ui.FluentWait.until(FluentWait.java:271)
at page_objects.LieferendoHomePage.waitForElement(LieferendoHomePage.java:31)
at page_objects.LieferendoHomePage.suggestionsText(LieferendoHomePage.java:72)
at test.SearchTest.invalidSearchByZipcode(SearchTest.java:63)
... Removed 34 stack frames]]>
    </failure>
  </testcase> <!-- invalidSearchByZipcode -->
  <testcase name="validSearchByZipcode" time="4.051" classname="test.SearchTest"/>
  <testcase name="invalidsearchByAddress" time="2.543" classname="test.SearchTest"/>
  <testcase name="validsearchByAddress" time="3.875" classname="test.SearchTest"/>
  <testcase name="invalidSearchByRandomAndSpecialCharacters" time="2.634" classname="test.SearchTest"/>
  <testcase name="invalidSearchBySqlQuery" time="2.143" classname="test.SearchTest"/>
  <testcase name="searchInputLimit" time="2.31" classname="test.SearchTest"/>
</testsuite> <!-- Command line test -->
